c:\ekinci\mıcroscope\offlıne\empty_form\mıcroscope\mıcroscope\debug\vc141.pdb
c:\ekinci\mıcroscope\offlıne\empty_form\mıcroscope\mıcroscope\debug\myform.obj
c:\ekinci\mıcroscope\offlıne\empty_form\mıcroscope\mıcroscope\debug\.netframework,versıon=v4.6.1.assemblyattrıbutes.obj
c:\ekinci\mıcroscope\offlıne\empty_form\mıcroscope\mıcroscope\debug\.netframework,versıon=v4.6.1.assemblyattrıbutes.asm
c:\ekinci\mıcroscope\offlıne\empty_form\mıcroscope\mıcroscope\debug\mıcroscope.tlog\metagen.wrıte.1.tlog
e:\mıcrroscope\tub-117e961\codes\gelıstırme\offlıne\panorama_2d\empty_form\microscope\microscope\debug\microscope.vcxprojassemblyreference.cache
e:\mıcrroscope\tub-117e961\codes\gelıstırme\offlıne\panorama_2d\empty_form\microscope\microscope\debug\.netframework,version=v4.6.1.assemblyattributes.obj
e:\mıcrroscope\tub-117e961\codes\gelıstırme\offlıne\panorama_2d\empty_form\microscope\microscope\debug\myform.obj
e:\mıcrroscope\tub-117e961\codes\gelıstırme\offlıne\panorama_2d\empty_form\microscope\microscope\debug\vc141.pdb
e:\mıcrroscope\tub-117e961\codes\gelıstırme\offlıne\panorama_2d\empty_form\microscope\microscope\debug\microscope.tlog\cl.command.1.tlog
e:\mıcrroscope\tub-117e961\codes\gelıstırme\offlıne\panorama_2d\empty_form\microscope\microscope\debug\microscope.tlog\cl.read.1.tlog
e:\mıcrroscope\tub-117e961\codes\gelıstırme\offlıne\panorama_2d\empty_form\microscope\microscope\debug\microscope.tlog\cl.write.1.tlog
e:\mıcrroscope\tub-117e961\codes\gelıstırme\offlıne\panorama_2d\empty_form\microscope\microscope\debug\microscope.tlog\link.44492.read.1.tlog
e:\mıcrroscope\tub-117e961\codes\gelıstırme\offlıne\panorama_2d\empty_form\microscope\microscope\debug\microscope.tlog\link.44492.write.1.tlog
e:\mıcrroscope\tub-117e961\codes\gelıstırme\offlıne\panorama_2d\empty_form\microscope\microscope\debug\microscope.tlog\link.63288.read.1.tlog
e:\mıcrroscope\tub-117e961\codes\gelıstırme\offlıne\panorama_2d\empty_form\microscope\microscope\debug\microscope.tlog\link.63288.write.1.tlog
e:\mıcrroscope\tub-117e961\codes\gelıstırme\offlıne\panorama_2d\empty_form\microscope\microscope\debug\microscope.tlog\link.command.1.tlog
e:\mıcrroscope\tub-117e961\codes\gelıstırme\offlıne\panorama_2d\empty_form\microscope\microscope\debug\microscope.tlog\link.read.1.tlog
e:\mıcrroscope\tub-117e961\codes\gelıstırme\offlıne\panorama_2d\empty_form\microscope\microscope\debug\microscope.tlog\link.write.1.tlog
e:\mıcrroscope\tub-117e961\codes\gelıstırme\offlıne\panorama_2d\empty_form\microscope\microscope\debug\microscope.tlog\metagen.read.1.tlog
e:\mıcrroscope\tub-117e961\codes\gelıstırme\offlıne\panorama_2d\empty_form\microscope\microscope\debug\microscope.tlog\metagen.write.1.tlog
e:\mıcrroscope\tub-117e961\codes\gelıstırme\offlıne\panorama_2d\empty_form\microscope\microscope\debug\microscope.tlog\system.data.dll.metagen
e:\mıcrroscope\tub-117e961\codes\gelıstırme\offlıne\panorama_2d\empty_form\microscope\microscope\debug\microscope.tlog\system.dll.metagen
e:\mıcrroscope\tub-117e961\codes\gelıstırme\offlıne\panorama_2d\empty_form\microscope\microscope\debug\microscope.tlog\system.drawıng.dll.metagen
e:\mıcrroscope\tub-117e961\codes\gelıstırme\offlıne\panorama_2d\empty_form\microscope\microscope\debug\microscope.tlog\system.wındows.forms.dll.metagen
e:\mıcrroscope\tub-117e961\codes\gelıstırme\offlıne\panorama_2d\empty_form\microscope\microscope\debug\microscope.tlog\system.xml.dll.metagen
e:\mıcrroscope\tub-117e961\codes\gelıstırme\offlıne\panorama_2d\empty_form\microscope\microscope\debug\microscope.tlog\cluı.dll.bi
